#-----------------------------------------------------------
# xsim v2020.2 (64-bit)
# SW Build 3064766 on Wed Nov 18 09:12:45 MST 2020
# IP Build 3064653 on Wed Nov 18 14:17:31 MST 2020
# Start of session at: Sun Feb 27 15:54:43 2022
# Process ID: 20872
# Current directory: C:/Users/alex1/AppData/Roaming/Xilinx/Vitis/gravity/solution1/sim/verilog
# Command line: xsim.exe -mode tcl -source {xsim.dir/gravity/xsim_script.tcl}
# Log file: C:/Users/alex1/AppData/Roaming/Xilinx/Vitis/gravity/solution1/sim/verilog/xsim.log
# Journal file: C:/Users/alex1/AppData/Roaming/Xilinx/Vitis/gravity/solution1/sim/verilog\xsim.jou
#-----------------------------------------------------------
source xsim.dir/gravity/xsim_script.tcl
# xsim {gravity} -view {{gravity_dataflow_ana.wcfg}} -tclbatch {gravity.tcl} -protoinst {gravity.protoinst}
Vivado Simulator 2020.2
INFO: [Wavedata 42-565] Reading protoinst file gravity.protoinst
INFO: [Wavedata 42-564]   Found protocol instance at /apatb_gravity_top/AESL_inst_gravity//AESL_inst_gravity_activity
Time resolution is 1 ps
open_wave_config gravity_dataflow_ana.wcfg
source gravity.tcl
## log_wave -r /
WARNING: [Simtcl 6-197] One or more HDL objects could not be logged because of object type or size limitations.  To see details please rerun the command with -verbose (-v).
## set designtopgroup [add_wave_group "Design Top Signals"]
## set cinoutgroup [add_wave_group "C InOuts" -into $designtopgroup]
## set m1__m2__return__return_group [add_wave_group m1__m2__return__return(axi_slave) -into $cinoutgroup]
## add_wave /apatb_gravity_top/AESL_inst_gravity/interrupt -into $m1__m2__return__return_group -color #ffff00 -radix hex
## add_wave /apatb_gravity_top/AESL_inst_gravity/s_axi_CRTLS_BRESP -into $m1__m2__return__return_group -radix hex
## add_wave /apatb_gravity_top/AESL_inst_gravity/s_axi_CRTLS_BREADY -into $m1__m2__return__return_group -color #ffff00 -radix hex
## add_wave /apatb_gravity_top/AESL_inst_gravity/s_axi_CRTLS_BVALID -into $m1__m2__return__return_group -color #ffff00 -radix hex
## add_wave /apatb_gravity_top/AESL_inst_gravity/s_axi_CRTLS_RRESP -into $m1__m2__return__return_group -radix hex
## add_wave /apatb_gravity_top/AESL_inst_gravity/s_axi_CRTLS_RDATA -into $m1__m2__return__return_group -radix hex
## add_wave /apatb_gravity_top/AESL_inst_gravity/s_axi_CRTLS_RREADY -into $m1__m2__return__return_group -color #ffff00 -radix hex
## add_wave /apatb_gravity_top/AESL_inst_gravity/s_axi_CRTLS_RVALID -into $m1__m2__return__return_group -color #ffff00 -radix hex
## add_wave /apatb_gravity_top/AESL_inst_gravity/s_axi_CRTLS_ARREADY -into $m1__m2__return__return_group -color #ffff00 -radix hex
## add_wave /apatb_gravity_top/AESL_inst_gravity/s_axi_CRTLS_ARVALID -into $m1__m2__return__return_group -color #ffff00 -radix hex
## add_wave /apatb_gravity_top/AESL_inst_gravity/s_axi_CRTLS_ARADDR -into $m1__m2__return__return_group -radix hex
## add_wave /apatb_gravity_top/AESL_inst_gravity/s_axi_CRTLS_WSTRB -into $m1__m2__return__return_group -radix hex
## add_wave /apatb_gravity_top/AESL_inst_gravity/s_axi_CRTLS_WDATA -into $m1__m2__return__return_group -radix hex
## add_wave /apatb_gravity_top/AESL_inst_gravity/s_axi_CRTLS_WREADY -into $m1__m2__return__return_group -color #ffff00 -radix hex
## add_wave /apatb_gravity_top/AESL_inst_gravity/s_axi_CRTLS_WVALID -into $m1__m2__return__return_group -color #ffff00 -radix hex
## add_wave /apatb_gravity_top/AESL_inst_gravity/s_axi_CRTLS_AWREADY -into $m1__m2__return__return_group -color #ffff00 -radix hex
## add_wave /apatb_gravity_top/AESL_inst_gravity/s_axi_CRTLS_AWVALID -into $m1__m2__return__return_group -color #ffff00 -radix hex
## add_wave /apatb_gravity_top/AESL_inst_gravity/s_axi_CRTLS_AWADDR -into $m1__m2__return__return_group -radix hex
## set cinputgroup [add_wave_group "C Inputs" -into $designtopgroup]
## set distance_group [add_wave_group distance(wire) -into $cinputgroup]
## add_wave /apatb_gravity_top/AESL_inst_gravity/distance -into $distance_group -radix hex
## set blocksiggroup [add_wave_group "Block-level IO Handshake(internal)" -into $designtopgroup]
## add_wave /apatb_gravity_top/AESL_inst_gravity/ap_done -into $blocksiggroup
## add_wave /apatb_gravity_top/AESL_inst_gravity/ap_idle -into $blocksiggroup
## add_wave /apatb_gravity_top/AESL_inst_gravity/ap_ready -into $blocksiggroup
## add_wave /apatb_gravity_top/AESL_inst_gravity/ap_start -into $blocksiggroup
## set resetgroup [add_wave_group "Reset" -into $designtopgroup]
## add_wave /apatb_gravity_top/AESL_inst_gravity/ap_rst_n -into $resetgroup
## set clockgroup [add_wave_group "Clock" -into $designtopgroup]
## add_wave /apatb_gravity_top/AESL_inst_gravity/ap_clk -into $clockgroup
## set testbenchgroup [add_wave_group "Test Bench Signals"]
## set tbinternalsiggroup [add_wave_group "Internal Signals" -into $testbenchgroup]
## set tb_simstatus_group [add_wave_group "Simulation Status" -into $tbinternalsiggroup]
## set tb_portdepth_group [add_wave_group "Port Depth" -into $tbinternalsiggroup]
## add_wave /apatb_gravity_top/AUTOTB_TRANSACTION_NUM -into $tb_simstatus_group -radix hex
## add_wave /apatb_gravity_top/ready_cnt -into $tb_simstatus_group -radix hex
## add_wave /apatb_gravity_top/done_cnt -into $tb_simstatus_group -radix hex
## add_wave /apatb_gravity_top/LENGTH_m1 -into $tb_portdepth_group -radix hex
## add_wave /apatb_gravity_top/LENGTH_m2 -into $tb_portdepth_group -radix hex
## add_wave /apatb_gravity_top/LENGTH_distance -into $tb_portdepth_group -radix hex
## add_wave /apatb_gravity_top/LENGTH_ap_return -into $tb_portdepth_group -radix hex
## set tbcinoutgroup [add_wave_group "C InOuts" -into $testbenchgroup]
## set tb_m1__m2__return__return_group [add_wave_group m1__m2__return__return(axi_slave) -into $tbcinoutgroup]
## add_wave /apatb_gravity_top/CRTLS_INTERRUPT -into $tb_m1__m2__return__return_group -color #ffff00 -radix hex
## add_wave /apatb_gravity_top/CRTLS_BRESP -into $tb_m1__m2__return__return_group -radix hex
## add_wave /apatb_gravity_top/CRTLS_BREADY -into $tb_m1__m2__return__return_group -color #ffff00 -radix hex
## add_wave /apatb_gravity_top/CRTLS_BVALID -into $tb_m1__m2__return__return_group -color #ffff00 -radix hex
## add_wave /apatb_gravity_top/CRTLS_RRESP -into $tb_m1__m2__return__return_group -radix hex
## add_wave /apatb_gravity_top/CRTLS_RDATA -into $tb_m1__m2__return__return_group -radix hex
## add_wave /apatb_gravity_top/CRTLS_RREADY -into $tb_m1__m2__return__return_group -color #ffff00 -radix hex
## add_wave /apatb_gravity_top/CRTLS_RVALID -into $tb_m1__m2__return__return_group -color #ffff00 -radix hex
## add_wave /apatb_gravity_top/CRTLS_ARREADY -into $tb_m1__m2__return__return_group -color #ffff00 -radix hex
## add_wave /apatb_gravity_top/CRTLS_ARVALID -into $tb_m1__m2__return__return_group -color #ffff00 -radix hex
## add_wave /apatb_gravity_top/CRTLS_ARADDR -into $tb_m1__m2__return__return_group -radix hex
## add_wave /apatb_gravity_top/CRTLS_WSTRB -into $tb_m1__m2__return__return_group -radix hex
## add_wave /apatb_gravity_top/CRTLS_WDATA -into $tb_m1__m2__return__return_group -radix hex
## add_wave /apatb_gravity_top/CRTLS_WREADY -into $tb_m1__m2__return__return_group -color #ffff00 -radix hex
## add_wave /apatb_gravity_top/CRTLS_WVALID -into $tb_m1__m2__return__return_group -color #ffff00 -radix hex
## add_wave /apatb_gravity_top/CRTLS_AWREADY -into $tb_m1__m2__return__return_group -color #ffff00 -radix hex
## add_wave /apatb_gravity_top/CRTLS_AWVALID -into $tb_m1__m2__return__return_group -color #ffff00 -radix hex
## add_wave /apatb_gravity_top/CRTLS_AWADDR -into $tb_m1__m2__return__return_group -radix hex
## set tbcinputgroup [add_wave_group "C Inputs" -into $testbenchgroup]
## set tb_distance_group [add_wave_group distance(wire) -into $tbcinputgroup]
## add_wave /apatb_gravity_top/distance -into $tb_distance_group -radix hex
## save_wave_config gravity.wcfg
## run all
////////////////////////////////////////////////////////////////////////////////////
// Inter-Transaction Progress: Completed Transaction / Total Transaction
// Intra-Transaction Progress: Measured Latency / Latency Estimation * 100%
//
// RTL Simulation : "Inter-Transaction Progress" ["Intra-Transaction Progress"] @ "Simulation Time"
////////////////////////////////////////////////////////////////////////////////////
// RTL Simulation : 0 / 10 [0.00%] @ "125000"
// RTL Simulation : 1 / 10 [34.78%] @ "875000"
// RTL Simulation : 2 / 10 [34.78%] @ "1615000"
// RTL Simulation : 3 / 10 [34.78%] @ "2355000"
// RTL Simulation : 4 / 10 [34.78%] @ "3095000"
// RTL Simulation : 5 / 10 [34.78%] @ "3835000"
// RTL Simulation : 6 / 10 [34.78%] @ "4575000"
// RTL Simulation : 7 / 10 [34.78%] @ "5315000"
// RTL Simulation : 8 / 10 [34.78%] @ "6055000"
// RTL Simulation : 9 / 10 [34.78%] @ "6795000"
// RTL Simulation : 10 / 10 [100.00%] @ "7535000"
////////////////////////////////////////////////////////////////////////////////////
$finish called at time : 7575 ns : File "C:/Users/alex1/AppData/Roaming/Xilinx/Vitis/gravity/solution1/sim/verilog/gravity.autotb.v" Line 371
## quit
INFO: [Common 17-206] Exiting xsim at Sun Feb 27 15:54:50 2022...
