

================================================================
== Vitis HLS Report for 'gravity'
================================================================
* Date:           Sun Feb 27 16:19:19 2022

* Version:        2020.2 (Build 3064766 on Wed Nov 18 09:12:45 MST 2020)
* Project:        gravity
* Solution:       solution1 (Vivado IP Flow Target)
* Product family: zynq
* Target device:  xc7z020-clg400-1


================================================================
== Performance Estimates
================================================================
+ Timing: 
    * Summary: 
    +--------+----------+----------+------------+
    |  Clock |  Target  | Estimated| Uncertainty|
    +--------+----------+----------+------------+
    |ap_clk  |  10.00 ns|  6.702 ns|     2.70 ns|
    +--------+----------+----------+------------+

+ Latency: 
    * Summary: 
    +---------+---------+----------+----------+-----+-----+---------+
    |  Latency (cycles) |  Latency (absolute) |  Interval | Pipeline|
    |   min   |   max   |    min   |    max   | min | max |   Type  |
    +---------+---------+----------+----------+-----+-----+---------+
    |       23|       23|  0.230 us|  0.230 us|   24|   24|     none|
    +---------+---------+----------+----------+-----+-----+---------+

    + Detail: 
        * Instance: 
        N/A

        * Loop: 
        N/A



================================================================
== Utilization Estimates
================================================================
* Summary: 
+-----------------+---------+-----+--------+-------+-----+
|       Name      | BRAM_18K| DSP |   FF   |  LUT  | URAM|
+-----------------+---------+-----+--------+-------+-----+
|DSP              |        -|    -|       -|      -|    -|
|Expression       |        -|    -|       0|     62|    -|
|FIFO             |        -|    -|       -|      -|    -|
|Instance         |        0|    6|     430|    874|    -|
|Memory           |        -|    -|       -|      -|    -|
|Multiplexer      |        -|    -|       -|    141|    -|
|Register         |        -|    -|     123|      -|    -|
+-----------------+---------+-----+--------+-------+-----+
|Total            |        0|    6|     553|   1077|    0|
+-----------------+---------+-----+--------+-------+-----+
|Available        |      280|  220|  106400|  53200|    0|
+-----------------+---------+-----+--------+-------+-----+
|Utilization (%)  |        0|    2|      ~0|      2|    0|
+-----------------+---------+-----+--------+-------+-----+

+ Detail: 
    * Instance: 
    +----------------------------------+-------------------------------+---------+----+-----+-----+-----+
    |             Instance             |             Module            | BRAM_18K| DSP|  FF | LUT | URAM|
    +----------------------------------+-------------------------------+---------+----+-----+-----+-----+
    |CRTLS_s_axi_U                     |CRTLS_s_axi                    |        0|   0|  144|  232|    0|
    |fcmp_32ns_32ns_1_2_no_dsp_1_U4    |fcmp_32ns_32ns_1_2_no_dsp_1    |        0|   0|    0|    0|    0|
    |fdiv_32ns_32ns_32_16_no_dsp_1_U3  |fdiv_32ns_32ns_32_16_no_dsp_1  |        0|   0|    0|    0|    0|
    |fmul_32ns_32ns_32_4_max_dsp_1_U1  |fmul_32ns_32ns_32_4_max_dsp_1  |        0|   3|  143|  321|    0|
    |fmul_32ns_32ns_32_4_max_dsp_1_U2  |fmul_32ns_32ns_32_4_max_dsp_1  |        0|   3|  143|  321|    0|
    +----------------------------------+-------------------------------+---------+----+-----+-----+-----+
    |Total                             |                               |        0|   6|  430|  874|    0|
    +----------------------------------+-------------------------------+---------+----+-----+-----+-----+

    * DSP: 
    N/A

    * Memory: 
    N/A

    * FIFO: 
    N/A

    * Expression: 
    +------------------------+----------+----+---+----+------------+------------+
    |      Variable Name     | Operation| DSP| FF| LUT| Bitwidth P0| Bitwidth P1|
    +------------------------+----------+----+---+----+------------+------------+
    |and_ln5_fu_125_p2       |       and|   0|  0|   2|           1|           1|
    |icmp_ln5_1_fu_115_p2    |      icmp|   0|  0|  15|          23|           1|
    |icmp_ln5_fu_109_p2      |      icmp|   0|  0|  11|           8|           2|
    |or_ln5_fu_121_p2        |        or|   0|  0|   2|           1|           1|
    |distSquare_1_fu_130_p3  |    select|   0|  0|  32|           1|          30|
    +------------------------+----------+----+---+----+------------+------------+
    |Total                   |          |   0|  0|  62|          34|          35|
    +------------------------+----------+----+---+----+------------+------------+

    * Multiplexer: 
    +--------------+-----+-----------+-----+-----------+
    |     Name     | LUT | Input Size| Bits| Total Bits|
    +--------------+-----+-----------+-----+-----------+
    |ap_NS_fsm     |  113|         25|    1|         25|
    |grp_fu_68_p0  |   14|          3|   32|         96|
    |grp_fu_68_p1  |   14|          3|   32|         96|
    +--------------+-----+-----------+-----+-----------+
    |Total         |  141|         31|   65|        217|
    +--------------+-----+-----------+-----+-----------+

    * Register: 
    +----------------------+----+----+-----+-----------+
    |         Name         | FF | LUT| Bits| Const Bits|
    +----------------------+----+----+-----+-----------+
    |ap_CS_fsm             |  24|   0|   24|          0|
    |distSquare_1_reg_175  |  32|   0|   32|          0|
    |icmp_ln5_1_reg_165    |   1|   0|    1|          0|
    |icmp_ln5_reg_160      |   1|   0|    1|          0|
    |mul1_reg_148          |  32|   0|   32|          0|
    |mul2_reg_180          |  32|   0|   32|          0|
    |tmp_1_reg_170         |   1|   0|    1|          0|
    +----------------------+----+----+-----+-----------+
    |Total                 | 123|   0|  123|          0|
    +----------------------+----+----+-----+-----------+



================================================================
== Interface
================================================================
* Summary: 
+---------------------+-----+-----+------------+--------------+--------------+
|      RTL Ports      | Dir | Bits|  Protocol  | Source Object|    C Type    |
+---------------------+-----+-----+------------+--------------+--------------+
|s_axi_CRTLS_AWVALID  |   in|    1|       s_axi|         CRTLS|        scalar|
|s_axi_CRTLS_AWREADY  |  out|    1|       s_axi|         CRTLS|        scalar|
|s_axi_CRTLS_AWADDR   |   in|    6|       s_axi|         CRTLS|        scalar|
|s_axi_CRTLS_WVALID   |   in|    1|       s_axi|         CRTLS|        scalar|
|s_axi_CRTLS_WREADY   |  out|    1|       s_axi|         CRTLS|        scalar|
|s_axi_CRTLS_WDATA    |   in|   32|       s_axi|         CRTLS|        scalar|
|s_axi_CRTLS_WSTRB    |   in|    4|       s_axi|         CRTLS|        scalar|
|s_axi_CRTLS_ARVALID  |   in|    1|       s_axi|         CRTLS|        scalar|
|s_axi_CRTLS_ARREADY  |  out|    1|       s_axi|         CRTLS|        scalar|
|s_axi_CRTLS_ARADDR   |   in|    6|       s_axi|         CRTLS|        scalar|
|s_axi_CRTLS_RVALID   |  out|    1|       s_axi|         CRTLS|        scalar|
|s_axi_CRTLS_RREADY   |   in|    1|       s_axi|         CRTLS|        scalar|
|s_axi_CRTLS_RDATA    |  out|   32|       s_axi|         CRTLS|        scalar|
|s_axi_CRTLS_RRESP    |  out|    2|       s_axi|         CRTLS|        scalar|
|s_axi_CRTLS_BVALID   |  out|    1|       s_axi|         CRTLS|        scalar|
|s_axi_CRTLS_BREADY   |   in|    1|       s_axi|         CRTLS|        scalar|
|s_axi_CRTLS_BRESP    |  out|    2|       s_axi|         CRTLS|        scalar|
|ap_clk               |   in|    1|  ap_ctrl_hs|       gravity|  return value|
|ap_rst_n             |   in|    1|  ap_ctrl_hs|       gravity|  return value|
|interrupt            |  out|    1|  ap_ctrl_hs|       gravity|  return value|
|distance             |   in|   32|     ap_none|      distance|        scalar|
+---------------------+-----+-----+------------+--------------+--------------+

============================================================
+ Verbose Summary: Synthesis Manager
============================================================
InlineROM: 1
ExposeGlobal: 0
============================================================
+ Verbose Summary: CDFG Model
============================================================
IsTopModel: 1
ResetActiveHigh: 1
IsCombinational: 2
IsDatapathOnly: 2
HasWiredReturn: 1
HasMFsm: 0
HasVarLatency: 1
IsPipeline: 0
IsRtlPipelined: 0
IsInstanceOverlapped: 0
IsDontTouch: 0
HasImplIP: 0
IsGatedGlobalClock: 0


============================================================
+ Verbose Summary: Schedule
============================================================
* Number of FSM states : 24
* Pipeline : 0
* Dataflow Pipeline: 0

* FSM state transitions: 
1 --> 2 
2 --> 3 
3 --> 4 
4 --> 5 
5 --> 6 
6 --> 7 
7 --> 8 
8 --> 9 
9 --> 10 
10 --> 11 
11 --> 12 
12 --> 13 
13 --> 14 
14 --> 15 
15 --> 16 
16 --> 17 
17 --> 18 
18 --> 19 
19 --> 20 
20 --> 21 
21 --> 22 
22 --> 23 
23 --> 24 
24 --> 

* FSM state operations: 

State 1 <SV = 0> <Delay = 6.70>
ST_1 : Operation 25 [1/1] (1.00ns)   --->   "%m2_read = read i32 @_ssdm_op_Read.s_axilite.float, i32 %m2" [core.cpp:1]   --->   Operation 25 'read' 'm2_read' <Predicate = true> <Delay = 1.00> <CoreInst = "s_axilite">   --->   Core 114 's_axilite' <Latency = 0> <II = 1> <Delay = 1.00> <Adapter> <Opcode : 'read' 'write'>
ST_1 : Operation 26 [1/1] (1.00ns)   --->   "%m1_read = read i32 @_ssdm_op_Read.s_axilite.float, i32 %m1" [core.cpp:1]   --->   Operation 26 'read' 'm1_read' <Predicate = true> <Delay = 1.00> <CoreInst = "s_axilite">   --->   Core 114 's_axilite' <Latency = 0> <II = 1> <Delay = 1.00> <Adapter> <Opcode : 'read' 'write'>
ST_1 : Operation 27 [4/4] (5.70ns)   --->   "%mul1 = fmul i32 %m1_read, i32 %m2_read" [core.cpp:10]   --->   Operation 27 'fmul' 'mul1' <Predicate = true> <Delay = 5.70> <CoreInst = "FMul_maxdsp">   --->   Core 30 'FMul_maxdsp' <Latency = 3> <II = 1> <Delay = 5.70> <FuncUnit> <Opcode : 'fmul'> <InPorts = 2> <OutPorts = 1>

State 2 <SV = 1> <Delay = 5.70>
ST_2 : Operation 28 [3/4] (5.70ns)   --->   "%mul1 = fmul i32 %m1_read, i32 %m2_read" [core.cpp:10]   --->   Operation 28 'fmul' 'mul1' <Predicate = true> <Delay = 5.70> <CoreInst = "FMul_maxdsp">   --->   Core 30 'FMul_maxdsp' <Latency = 3> <II = 1> <Delay = 5.70> <FuncUnit> <Opcode : 'fmul'> <InPorts = 2> <OutPorts = 1>

State 3 <SV = 2> <Delay = 5.70>
ST_3 : Operation 29 [2/4] (5.70ns)   --->   "%mul1 = fmul i32 %m1_read, i32 %m2_read" [core.cpp:10]   --->   Operation 29 'fmul' 'mul1' <Predicate = true> <Delay = 5.70> <CoreInst = "FMul_maxdsp">   --->   Core 30 'FMul_maxdsp' <Latency = 3> <II = 1> <Delay = 5.70> <FuncUnit> <Opcode : 'fmul'> <InPorts = 2> <OutPorts = 1>

State 4 <SV = 3> <Delay = 5.70>
ST_4 : Operation 30 [1/4] (5.70ns)   --->   "%mul1 = fmul i32 %m1_read, i32 %m2_read" [core.cpp:10]   --->   Operation 30 'fmul' 'mul1' <Predicate = true> <Delay = 5.70> <CoreInst = "FMul_maxdsp">   --->   Core 30 'FMul_maxdsp' <Latency = 3> <II = 1> <Delay = 5.70> <FuncUnit> <Opcode : 'fmul'> <InPorts = 2> <OutPorts = 1>

State 5 <SV = 4> <Delay = 5.70>
ST_5 : Operation 31 [1/1] (0.00ns)   --->   "%distance_read = read i32 @_ssdm_op_Read.ap_auto.float, i32 %distance" [core.cpp:1]   --->   Operation 31 'read' 'distance_read' <Predicate = true> <Delay = 0.00>
ST_5 : Operation 32 [1/1] (0.00ns)   --->   "%bitcast_ln5 = bitcast i32 %distance_read" [core.cpp:5]   --->   Operation 32 'bitcast' 'bitcast_ln5' <Predicate = true> <Delay = 0.00>
ST_5 : Operation 33 [1/1] (0.00ns)   --->   "%tmp = partselect i8 @_ssdm_op_PartSelect.i8.i32.i32.i32, i32 %bitcast_ln5, i32 23, i32 30" [core.cpp:5]   --->   Operation 33 'partselect' 'tmp' <Predicate = true> <Delay = 0.00>
ST_5 : Operation 34 [1/1] (0.00ns)   --->   "%trunc_ln5 = trunc i32 %bitcast_ln5" [core.cpp:5]   --->   Operation 34 'trunc' 'trunc_ln5' <Predicate = true> <Delay = 0.00>
ST_5 : Operation 35 [1/1] (1.55ns)   --->   "%icmp_ln5 = icmp_ne  i8 %tmp, i8 255" [core.cpp:5]   --->   Operation 35 'icmp' 'icmp_ln5' <Predicate = true> <Delay = 1.55> <CoreInst = "Cmp">   --->   Core 9 'Cmp' <Latency = 0> <II = 1> <Delay = 1.55> <FuncUnit> <Opcode : 'icmp'> <InPorts = 2> <OutPorts = 1>
ST_5 : Operation 36 [1/1] (2.44ns)   --->   "%icmp_ln5_1 = icmp_eq  i23 %trunc_ln5, i23 0" [core.cpp:5]   --->   Operation 36 'icmp' 'icmp_ln5_1' <Predicate = true> <Delay = 2.44> <CoreInst = "Cmp">   --->   Core 9 'Cmp' <Latency = 0> <II = 1> <Delay = 1.55> <FuncUnit> <Opcode : 'icmp'> <InPorts = 2> <OutPorts = 1>
ST_5 : Operation 37 [2/2] (5.43ns)   --->   "%tmp_1 = fcmp_oeq  i32 %distance_read, i32 0" [core.cpp:5]   --->   Operation 37 'fcmp' 'tmp_1' <Predicate = true> <Delay = 5.43> <CoreInst = "FCompare">   --->   Core 19 'FCompare' <Latency = 1> <II = 1> <Delay = 5.43> <FuncUnit> <Opcode : 'fcmp'> <InPorts = 2> <OutPorts = 1>
ST_5 : Operation 38 [4/4] (5.70ns)   --->   "%distSquare = fmul i32 %distance_read, i32 %distance_read" [core.cpp:9]   --->   Operation 38 'fmul' 'distSquare' <Predicate = true> <Delay = 5.70> <CoreInst = "FMul_maxdsp">   --->   Core 30 'FMul_maxdsp' <Latency = 3> <II = 1> <Delay = 5.70> <FuncUnit> <Opcode : 'fmul'> <InPorts = 2> <OutPorts = 1>
ST_5 : Operation 39 [4/4] (5.70ns)   --->   "%mul2 = fmul i32 %mul1, i32 10" [core.cpp:10]   --->   Operation 39 'fmul' 'mul2' <Predicate = true> <Delay = 5.70> <CoreInst = "FMul_maxdsp">   --->   Core 30 'FMul_maxdsp' <Latency = 3> <II = 1> <Delay = 5.70> <FuncUnit> <Opcode : 'fmul'> <InPorts = 2> <OutPorts = 1>

State 6 <SV = 5> <Delay = 5.70>
ST_6 : Operation 40 [1/2] (5.43ns)   --->   "%tmp_1 = fcmp_oeq  i32 %distance_read, i32 0" [core.cpp:5]   --->   Operation 40 'fcmp' 'tmp_1' <Predicate = true> <Delay = 5.43> <CoreInst = "FCompare">   --->   Core 19 'FCompare' <Latency = 1> <II = 1> <Delay = 5.43> <FuncUnit> <Opcode : 'fcmp'> <InPorts = 2> <OutPorts = 1>
ST_6 : Operation 41 [3/4] (5.70ns)   --->   "%distSquare = fmul i32 %distance_read, i32 %distance_read" [core.cpp:9]   --->   Operation 41 'fmul' 'distSquare' <Predicate = true> <Delay = 5.70> <CoreInst = "FMul_maxdsp">   --->   Core 30 'FMul_maxdsp' <Latency = 3> <II = 1> <Delay = 5.70> <FuncUnit> <Opcode : 'fmul'> <InPorts = 2> <OutPorts = 1>
ST_6 : Operation 42 [3/4] (5.70ns)   --->   "%mul2 = fmul i32 %mul1, i32 10" [core.cpp:10]   --->   Operation 42 'fmul' 'mul2' <Predicate = true> <Delay = 5.70> <CoreInst = "FMul_maxdsp">   --->   Core 30 'FMul_maxdsp' <Latency = 3> <II = 1> <Delay = 5.70> <FuncUnit> <Opcode : 'fmul'> <InPorts = 2> <OutPorts = 1>

State 7 <SV = 6> <Delay = 5.70>
ST_7 : Operation 43 [2/4] (5.70ns)   --->   "%distSquare = fmul i32 %distance_read, i32 %distance_read" [core.cpp:9]   --->   Operation 43 'fmul' 'distSquare' <Predicate = true> <Delay = 5.70> <CoreInst = "FMul_maxdsp">   --->   Core 30 'FMul_maxdsp' <Latency = 3> <II = 1> <Delay = 5.70> <FuncUnit> <Opcode : 'fmul'> <InPorts = 2> <OutPorts = 1>
ST_7 : Operation 44 [2/4] (5.70ns)   --->   "%mul2 = fmul i32 %mul1, i32 10" [core.cpp:10]   --->   Operation 44 'fmul' 'mul2' <Predicate = true> <Delay = 5.70> <CoreInst = "FMul_maxdsp">   --->   Core 30 'FMul_maxdsp' <Latency = 3> <II = 1> <Delay = 5.70> <FuncUnit> <Opcode : 'fmul'> <InPorts = 2> <OutPorts = 1>

State 8 <SV = 7> <Delay = 6.68>
ST_8 : Operation 45 [1/1] (0.00ns) (grouped into LUT with out node distSquare_1)   --->   "%or_ln5 = or i1 %icmp_ln5_1, i1 %icmp_ln5" [core.cpp:5]   --->   Operation 45 'or' 'or_ln5' <Predicate = true> <Delay = 0.00> <CoreInst = "LogicGate">   --->   Core 74 'LogicGate' <Latency = 0> <II = 1> <Delay = 0.97> <FuncUnit> <Opcode : 'and' 'or' 'xor'> <InPorts = 2> <OutPorts = 1>
ST_8 : Operation 46 [1/1] (0.00ns) (grouped into LUT with out node distSquare_1)   --->   "%and_ln5 = and i1 %or_ln5, i1 %tmp_1" [core.cpp:5]   --->   Operation 46 'and' 'and_ln5' <Predicate = true> <Delay = 0.00> <CoreInst = "LogicGate">   --->   Core 74 'LogicGate' <Latency = 0> <II = 1> <Delay = 0.97> <FuncUnit> <Opcode : 'and' 'or' 'xor'> <InPorts = 2> <OutPorts = 1>
ST_8 : Operation 47 [1/4] (5.70ns)   --->   "%distSquare = fmul i32 %distance_read, i32 %distance_read" [core.cpp:9]   --->   Operation 47 'fmul' 'distSquare' <Predicate = true> <Delay = 5.70> <CoreInst = "FMul_maxdsp">   --->   Core 30 'FMul_maxdsp' <Latency = 3> <II = 1> <Delay = 5.70> <FuncUnit> <Opcode : 'fmul'> <InPorts = 2> <OutPorts = 1>
ST_8 : Operation 48 [1/1] (0.97ns) (out node of the LUT)   --->   "%distSquare_1 = select i1 %and_ln5, i32 1e-06, i32 %distSquare" [core.cpp:5]   --->   Operation 48 'select' 'distSquare_1' <Predicate = true> <Delay = 0.97> <CoreInst = "Sel">   --->   Core 73 'Sel' <Latency = 0> <II = 1> <Delay = 0.69> <FuncUnit> <Opcode : 'select'> <InPorts = 3> <OutPorts = 1>
ST_8 : Operation 49 [1/4] (5.70ns)   --->   "%mul2 = fmul i32 %mul1, i32 10" [core.cpp:10]   --->   Operation 49 'fmul' 'mul2' <Predicate = true> <Delay = 5.70> <CoreInst = "FMul_maxdsp">   --->   Core 30 'FMul_maxdsp' <Latency = 3> <II = 1> <Delay = 5.70> <FuncUnit> <Opcode : 'fmul'> <InPorts = 2> <OutPorts = 1>

State 9 <SV = 8> <Delay = 6.07>
ST_9 : Operation 50 [16/16] (6.07ns)   --->   "%force = fdiv i32 %mul2, i32 %distSquare_1" [core.cpp:10]   --->   Operation 50 'fdiv' 'force' <Predicate = true> <Delay = 6.07> <CoreInst = "FDiv">   --->   Core 20 'FDiv' <Latency = 15> <II = 1> <Delay = 6.07> <FuncUnit> <Opcode : 'fdiv' 'frem'> <InPorts = 2> <OutPorts = 1>

State 10 <SV = 9> <Delay = 6.07>
ST_10 : Operation 51 [15/16] (6.07ns)   --->   "%force = fdiv i32 %mul2, i32 %distSquare_1" [core.cpp:10]   --->   Operation 51 'fdiv' 'force' <Predicate = true> <Delay = 6.07> <CoreInst = "FDiv">   --->   Core 20 'FDiv' <Latency = 15> <II = 1> <Delay = 6.07> <FuncUnit> <Opcode : 'fdiv' 'frem'> <InPorts = 2> <OutPorts = 1>

State 11 <SV = 10> <Delay = 6.07>
ST_11 : Operation 52 [14/16] (6.07ns)   --->   "%force = fdiv i32 %mul2, i32 %distSquare_1" [core.cpp:10]   --->   Operation 52 'fdiv' 'force' <Predicate = true> <Delay = 6.07> <CoreInst = "FDiv">   --->   Core 20 'FDiv' <Latency = 15> <II = 1> <Delay = 6.07> <FuncUnit> <Opcode : 'fdiv' 'frem'> <InPorts = 2> <OutPorts = 1>

State 12 <SV = 11> <Delay = 6.07>
ST_12 : Operation 53 [13/16] (6.07ns)   --->   "%force = fdiv i32 %mul2, i32 %distSquare_1" [core.cpp:10]   --->   Operation 53 'fdiv' 'force' <Predicate = true> <Delay = 6.07> <CoreInst = "FDiv">   --->   Core 20 'FDiv' <Latency = 15> <II = 1> <Delay = 6.07> <FuncUnit> <Opcode : 'fdiv' 'frem'> <InPorts = 2> <OutPorts = 1>

State 13 <SV = 12> <Delay = 6.07>
ST_13 : Operation 54 [12/16] (6.07ns)   --->   "%force = fdiv i32 %mul2, i32 %distSquare_1" [core.cpp:10]   --->   Operation 54 'fdiv' 'force' <Predicate = true> <Delay = 6.07> <CoreInst = "FDiv">   --->   Core 20 'FDiv' <Latency = 15> <II = 1> <Delay = 6.07> <FuncUnit> <Opcode : 'fdiv' 'frem'> <InPorts = 2> <OutPorts = 1>

State 14 <SV = 13> <Delay = 6.07>
ST_14 : Operation 55 [11/16] (6.07ns)   --->   "%force = fdiv i32 %mul2, i32 %distSquare_1" [core.cpp:10]   --->   Operation 55 'fdiv' 'force' <Predicate = true> <Delay = 6.07> <CoreInst = "FDiv">   --->   Core 20 'FDiv' <Latency = 15> <II = 1> <Delay = 6.07> <FuncUnit> <Opcode : 'fdiv' 'frem'> <InPorts = 2> <OutPorts = 1>

State 15 <SV = 14> <Delay = 6.07>
ST_15 : Operation 56 [10/16] (6.07ns)   --->   "%force = fdiv i32 %mul2, i32 %distSquare_1" [core.cpp:10]   --->   Operation 56 'fdiv' 'force' <Predicate = true> <Delay = 6.07> <CoreInst = "FDiv">   --->   Core 20 'FDiv' <Latency = 15> <II = 1> <Delay = 6.07> <FuncUnit> <Opcode : 'fdiv' 'frem'> <InPorts = 2> <OutPorts = 1>

State 16 <SV = 15> <Delay = 6.07>
ST_16 : Operation 57 [9/16] (6.07ns)   --->   "%force = fdiv i32 %mul2, i32 %distSquare_1" [core.cpp:10]   --->   Operation 57 'fdiv' 'force' <Predicate = true> <Delay = 6.07> <CoreInst = "FDiv">   --->   Core 20 'FDiv' <Latency = 15> <II = 1> <Delay = 6.07> <FuncUnit> <Opcode : 'fdiv' 'frem'> <InPorts = 2> <OutPorts = 1>

State 17 <SV = 16> <Delay = 6.07>
ST_17 : Operation 58 [8/16] (6.07ns)   --->   "%force = fdiv i32 %mul2, i32 %distSquare_1" [core.cpp:10]   --->   Operation 58 'fdiv' 'force' <Predicate = true> <Delay = 6.07> <CoreInst = "FDiv">   --->   Core 20 'FDiv' <Latency = 15> <II = 1> <Delay = 6.07> <FuncUnit> <Opcode : 'fdiv' 'frem'> <InPorts = 2> <OutPorts = 1>

State 18 <SV = 17> <Delay = 6.07>
ST_18 : Operation 59 [7/16] (6.07ns)   --->   "%force = fdiv i32 %mul2, i32 %distSquare_1" [core.cpp:10]   --->   Operation 59 'fdiv' 'force' <Predicate = true> <Delay = 6.07> <CoreInst = "FDiv">   --->   Core 20 'FDiv' <Latency = 15> <II = 1> <Delay = 6.07> <FuncUnit> <Opcode : 'fdiv' 'frem'> <InPorts = 2> <OutPorts = 1>

State 19 <SV = 18> <Delay = 6.07>
ST_19 : Operation 60 [6/16] (6.07ns)   --->   "%force = fdiv i32 %mul2, i32 %distSquare_1" [core.cpp:10]   --->   Operation 60 'fdiv' 'force' <Predicate = true> <Delay = 6.07> <CoreInst = "FDiv">   --->   Core 20 'FDiv' <Latency = 15> <II = 1> <Delay = 6.07> <FuncUnit> <Opcode : 'fdiv' 'frem'> <InPorts = 2> <OutPorts = 1>

State 20 <SV = 19> <Delay = 6.07>
ST_20 : Operation 61 [5/16] (6.07ns)   --->   "%force = fdiv i32 %mul2, i32 %distSquare_1" [core.cpp:10]   --->   Operation 61 'fdiv' 'force' <Predicate = true> <Delay = 6.07> <CoreInst = "FDiv">   --->   Core 20 'FDiv' <Latency = 15> <II = 1> <Delay = 6.07> <FuncUnit> <Opcode : 'fdiv' 'frem'> <InPorts = 2> <OutPorts = 1>

State 21 <SV = 20> <Delay = 6.07>
ST_21 : Operation 62 [4/16] (6.07ns)   --->   "%force = fdiv i32 %mul2, i32 %distSquare_1" [core.cpp:10]   --->   Operation 62 'fdiv' 'force' <Predicate = true> <Delay = 6.07> <CoreInst = "FDiv">   --->   Core 20 'FDiv' <Latency = 15> <II = 1> <Delay = 6.07> <FuncUnit> <Opcode : 'fdiv' 'frem'> <InPorts = 2> <OutPorts = 1>

State 22 <SV = 21> <Delay = 6.07>
ST_22 : Operation 63 [3/16] (6.07ns)   --->   "%force = fdiv i32 %mul2, i32 %distSquare_1" [core.cpp:10]   --->   Operation 63 'fdiv' 'force' <Predicate = true> <Delay = 6.07> <CoreInst = "FDiv">   --->   Core 20 'FDiv' <Latency = 15> <II = 1> <Delay = 6.07> <FuncUnit> <Opcode : 'fdiv' 'frem'> <InPorts = 2> <OutPorts = 1>

State 23 <SV = 22> <Delay = 6.07>
ST_23 : Operation 64 [2/16] (6.07ns)   --->   "%force = fdiv i32 %mul2, i32 %distSquare_1" [core.cpp:10]   --->   Operation 64 'fdiv' 'force' <Predicate = true> <Delay = 6.07> <CoreInst = "FDiv">   --->   Core 20 'FDiv' <Latency = 15> <II = 1> <Delay = 6.07> <FuncUnit> <Opcode : 'fdiv' 'frem'> <InPorts = 2> <OutPorts = 1>

State 24 <SV = 23> <Delay = 6.07>
ST_24 : Operation 65 [1/1] (0.00ns)   --->   "%specbitsmap_ln0 = specbitsmap void @_ssdm_op_SpecBitsMap, i32 0"   --->   Operation 65 'specbitsmap' 'specbitsmap_ln0' <Predicate = true> <Delay = 0.00>
ST_24 : Operation 66 [1/1] (0.00ns)   --->   "%spectopmodule_ln0 = spectopmodule void @_ssdm_op_SpecTopModule, void @empty_6"   --->   Operation 66 'spectopmodule' 'spectopmodule_ln0' <Predicate = true> <Delay = 0.00>
ST_24 : Operation 67 [1/1] (0.00ns)   --->   "%specbitsmap_ln0 = specbitsmap void @_ssdm_op_SpecBitsMap, i32 %m1"   --->   Operation 67 'specbitsmap' 'specbitsmap_ln0' <Predicate = true> <Delay = 0.00>
ST_24 : Operation 68 [1/1] (0.00ns)   --->   "%specinterface_ln0 = specinterface void @_ssdm_op_SpecInterface, i32 %m1, void @empty, i32 0, i32 0, void @empty_0, i32 0, i32 0, void @empty_1, void @empty_2, void @empty_0, i32 0, i32 0, i32 0, i32 0, void @empty_0, void @empty_0"   --->   Operation 68 'specinterface' 'specinterface_ln0' <Predicate = true> <Delay = 0.00>
ST_24 : Operation 69 [1/1] (0.00ns)   --->   "%specinterface_ln0 = specinterface void @_ssdm_op_SpecInterface, i32 %m1, void @empty_3, i32 0, i32 0, void @empty_0, i32 0, i32 0, void @empty_0, void @empty_0, void @empty_0, i32 0, i32 0, i32 0, i32 0, void @empty_0, void @empty_0"   --->   Operation 69 'specinterface' 'specinterface_ln0' <Predicate = true> <Delay = 0.00>
ST_24 : Operation 70 [1/1] (0.00ns)   --->   "%specbitsmap_ln0 = specbitsmap void @_ssdm_op_SpecBitsMap, i32 %m2"   --->   Operation 70 'specbitsmap' 'specbitsmap_ln0' <Predicate = true> <Delay = 0.00>
ST_24 : Operation 71 [1/1] (0.00ns)   --->   "%specinterface_ln0 = specinterface void @_ssdm_op_SpecInterface, i32 %m2, void @empty, i32 0, i32 0, void @empty_0, i32 0, i32 0, void @empty_1, void @empty_4, void @empty_0, i32 0, i32 0, i32 0, i32 0, void @empty_0, void @empty_0"   --->   Operation 71 'specinterface' 'specinterface_ln0' <Predicate = true> <Delay = 0.00>
ST_24 : Operation 72 [1/1] (0.00ns)   --->   "%specinterface_ln0 = specinterface void @_ssdm_op_SpecInterface, i32 %m2, void @empty_3, i32 0, i32 0, void @empty_0, i32 0, i32 0, void @empty_0, void @empty_0, void @empty_0, i32 0, i32 0, i32 0, i32 0, void @empty_0, void @empty_0"   --->   Operation 72 'specinterface' 'specinterface_ln0' <Predicate = true> <Delay = 0.00>
ST_24 : Operation 73 [1/1] (0.00ns)   --->   "%specbitsmap_ln0 = specbitsmap void @_ssdm_op_SpecBitsMap, i32 %distance"   --->   Operation 73 'specbitsmap' 'specbitsmap_ln0' <Predicate = true> <Delay = 0.00>
ST_24 : Operation 74 [1/1] (0.00ns)   --->   "%specinterface_ln0 = specinterface void @_ssdm_op_SpecInterface, i32 %distance, void @empty_3, i32 0, i32 0, void @empty_0, i32 0, i32 0, void @empty_0, void @empty_0, void @empty_0, i32 0, i32 0, i32 0, i32 0, void @empty_0, void @empty_0"   --->   Operation 74 'specinterface' 'specinterface_ln0' <Predicate = true> <Delay = 0.00>
ST_24 : Operation 75 [1/1] (0.00ns)   --->   "%specinterface_ln0 = specinterface void @_ssdm_op_SpecInterface, i32 0, void @empty, i32 0, i32 0, void @empty_0, i32 0, i32 0, void @empty_1, void @empty_5, void @empty_0, i32 0, i32 0, i32 0, i32 0, void @empty_0, void @empty_0"   --->   Operation 75 'specinterface' 'specinterface_ln0' <Predicate = true> <Delay = 0.00>
ST_24 : Operation 76 [1/16] (6.07ns)   --->   "%force = fdiv i32 %mul2, i32 %distSquare_1" [core.cpp:10]   --->   Operation 76 'fdiv' 'force' <Predicate = true> <Delay = 6.07> <CoreInst = "FDiv">   --->   Core 20 'FDiv' <Latency = 15> <II = 1> <Delay = 6.07> <FuncUnit> <Opcode : 'fdiv' 'frem'> <InPorts = 2> <OutPorts = 1>
ST_24 : Operation 77 [1/1] (0.00ns)   --->   "%ret_ln11 = ret i32 %force" [core.cpp:11]   --->   Operation 77 'ret' 'ret_ln11' <Predicate = true> <Delay = 0.00>


============================================================
+ Verbose Summary: Binding
============================================================
STG Binding: 
---------------- STG Properties BEGIN ----------------
- Is combinational: 0
- Is one-state seq: 0
- Is datapath-only: 0
- Is pipelined: 0
- Is top level: 1
Port [ Return ] is wired: 1; IO mode=ap_ctrl_hs:ce=0
Port [ m1]:  wired=1; compound=0; hidden=0; nouse=0; global=0; static=0; extern=0; dir=0; type=0; pingpong=0; private_global=0; IO mode=ap_none:ce=0
Port [ m2]:  wired=1; compound=0; hidden=0; nouse=0; global=0; static=0; extern=0; dir=0; type=0; pingpong=0; private_global=0; IO mode=ap_none:ce=0
Port [ distance]:  wired=1; compound=0; hidden=0; nouse=0; global=0; static=0; extern=0; dir=0; type=0; pingpong=0; private_global=0; IO mode=ap_none:ce=0
---------------- STG Properties END ------------------

---------------- Datapath Model BEGIN ----------------

<LifeTime>
<method=bitvector/>
m2_read           (read         ) [ 0011100000000000000000000]
m1_read           (read         ) [ 0011100000000000000000000]
mul1              (fmul         ) [ 0000011110000000000000000]
distance_read     (read         ) [ 0000001110000000000000000]
bitcast_ln5       (bitcast      ) [ 0000000000000000000000000]
tmp               (partselect   ) [ 0000000000000000000000000]
trunc_ln5         (trunc        ) [ 0000000000000000000000000]
icmp_ln5          (icmp         ) [ 0000001110000000000000000]
icmp_ln5_1        (icmp         ) [ 0000001110000000000000000]
tmp_1             (fcmp         ) [ 0000000110000000000000000]
or_ln5            (or           ) [ 0000000000000000000000000]
and_ln5           (and          ) [ 0000000000000000000000000]
distSquare        (fmul         ) [ 0000000000000000000000000]
distSquare_1      (select       ) [ 0000000001111111111111111]
mul2              (fmul         ) [ 0000000001111111111111111]
specbitsmap_ln0   (specbitsmap  ) [ 0000000000000000000000000]
spectopmodule_ln0 (spectopmodule) [ 0000000000000000000000000]
specbitsmap_ln0   (specbitsmap  ) [ 0000000000000000000000000]
specinterface_ln0 (specinterface) [ 0000000000000000000000000]
specinterface_ln0 (specinterface) [ 0000000000000000000000000]
specbitsmap_ln0   (specbitsmap  ) [ 0000000000000000000000000]
specinterface_ln0 (specinterface) [ 0000000000000000000000000]
specinterface_ln0 (specinterface) [ 0000000000000000000000000]
specbitsmap_ln0   (specbitsmap  ) [ 0000000000000000000000000]
specinterface_ln0 (specinterface) [ 0000000000000000000000000]
specinterface_ln0 (specinterface) [ 0000000000000000000000000]
force             (fdiv         ) [ 0000000000000000000000000]
ret_ln11          (ret          ) [ 0000000000000000000000000]
</LifeTime>

<model>

<comp_list>
<comp id="0" class="1000" name="m1">
<pin_list>
<pin id="1" dir="1" index="0" bw="1" slack="0"/>
</pin_list>
<bind>
<StgValue><ssdm name="m1"/></StgValue>
</bind>
</comp>

<comp id="2" class="1000" name="m2">
<pin_list>
<pin id="3" dir="1" index="0" bw="1" slack="0"/>
</pin_list>
<bind>
<StgValue><ssdm name="m2"/></StgValue>
</bind>
</comp>

<comp id="4" class="1000" name="distance">
<pin_list>
<pin id="5" dir="1" index="0" bw="1" slack="0"/>
</pin_list>
<bind>
<StgValue><ssdm name="distance"/></StgValue>
</bind>
</comp>

<comp id="6" class="1001" name="const_6">
<pin_list>
<pin id="7" dir="1" index="0" bw="1" slack="0"/>
</pin_list>
<bind>
<StgValue><ssdm name="_ssdm_op_Read.s_axilite.float"/></StgValue>
</bind>
</comp>

<comp id="8" class="1001" name="const_8">
<pin_list>
<pin id="9" dir="1" index="0" bw="1" slack="0"/>
</pin_list>
<bind>
<StgValue><ssdm name="_ssdm_op_Read.ap_auto.float"/></StgValue>
</bind>
</comp>

<comp id="10" class="1001" name="const_10">
<pin_list>
<pin id="11" dir="1" index="0" bw="1" slack="0"/>
</pin_list>
<bind>
<StgValue><ssdm name="_ssdm_op_PartSelect.i8.i32.i32.i32"/></StgValue>
</bind>
</comp>

<comp id="12" class="1001" name="const_12">
<pin_list>
<pin id="13" dir="1" index="0" bw="1" slack="0"/>
</pin_list>
<bind>
<StgValue><ssdm name=""/></StgValue>
</bind>
</comp>

<comp id="14" class="1001" name="const_14">
<pin_list>
<pin id="15" dir="1" index="0" bw="1" slack="0"/>
</pin_list>
<bind>
<StgValue><ssdm name=""/></StgValue>
</bind>
</comp>

<comp id="16" class="1001" name="const_16">
<pin_list>
<pin id="17" dir="1" index="0" bw="1" slack="0"/>
</pin_list>
<bind>
<StgValue><ssdm name=""/></StgValue>
</bind>
</comp>

<comp id="18" class="1001" name="const_18">
<pin_list>
<pin id="19" dir="1" index="0" bw="1" slack="0"/>
</pin_list>
<bind>
<StgValue><ssdm name=""/></StgValue>
</bind>
</comp>

<comp id="20" class="1001" name="const_20">
<pin_list>
<pin id="21" dir="1" index="0" bw="1" slack="0"/>
</pin_list>
<bind>
<StgValue><ssdm name=""/></StgValue>
</bind>
</comp>

<comp id="22" class="1001" name="const_22">
<pin_list>
<pin id="23" dir="1" index="0" bw="1" slack="0"/>
</pin_list>
<bind>
<StgValue><ssdm name=""/></StgValue>
</bind>
</comp>

<comp id="24" class="1001" name="const_24">
<pin_list>
<pin id="25" dir="1" index="0" bw="1" slack="0"/>
</pin_list>
<bind>
<StgValue><ssdm name=""/></StgValue>
</bind>
</comp>

<comp id="26" class="1001" name="const_26">
<pin_list>
<pin id="27" dir="1" index="0" bw="1" slack="2147483647"/>
</pin_list>
<bind>
<StgValue><ssdm name="_ssdm_op_SpecBitsMap"/></StgValue>
</bind>
</comp>

<comp id="28" class="1001" name="const_28">
<pin_list>
<pin id="29" dir="1" index="0" bw="1" slack="2147483647"/>
</pin_list>
<bind>
<StgValue><ssdm name="_ssdm_op_SpecTopModule"/></StgValue>
</bind>
</comp>

<comp id="30" class="1001" name="const_30">
<pin_list>
<pin id="31" dir="1" index="0" bw="1" slack="2147483647"/>
</pin_list>
<bind>
<StgValue><ssdm name="empty_6"/></StgValue>
</bind>
</comp>

<comp id="32" class="1001" name="const_32">
<pin_list>
<pin id="33" dir="1" index="0" bw="1" slack="2147483647"/>
</pin_list>
<bind>
<StgValue><ssdm name="_ssdm_op_SpecInterface"/></StgValue>
</bind>
</comp>

<comp id="34" class="1001" name="const_34">
<pin_list>
<pin id="35" dir="1" index="0" bw="1" slack="2147483647"/>
</pin_list>
<bind>
<StgValue><ssdm name="empty"/></StgValue>
</bind>
</comp>

<comp id="36" class="1001" name="const_36">
<pin_list>
<pin id="37" dir="1" index="0" bw="1" slack="2147483647"/>
</pin_list>
<bind>
<StgValue><ssdm name=""/></StgValue>
</bind>
</comp>

<comp id="38" class="1001" name="const_38">
<pin_list>
<pin id="39" dir="1" index="0" bw="1" slack="2147483647"/>
</pin_list>
<bind>
<StgValue><ssdm name="empty_0"/></StgValue>
</bind>
</comp>

<comp id="40" class="1001" name="const_40">
<pin_list>
<pin id="41" dir="1" index="0" bw="1" slack="2147483647"/>
</pin_list>
<bind>
<StgValue><ssdm name="empty_1"/></StgValue>
</bind>
</comp>

<comp id="42" class="1001" name="const_42">
<pin_list>
<pin id="43" dir="1" index="0" bw="1" slack="2147483647"/>
</pin_list>
<bind>
<StgValue><ssdm name="empty_2"/></StgValue>
</bind>
</comp>

<comp id="44" class="1001" name="const_44">
<pin_list>
<pin id="45" dir="1" index="0" bw="1" slack="2147483647"/>
</pin_list>
<bind>
<StgValue><ssdm name="empty_3"/></StgValue>
</bind>
</comp>

<comp id="46" class="1001" name="const_46">
<pin_list>
<pin id="47" dir="1" index="0" bw="1" slack="2147483647"/>
</pin_list>
<bind>
<StgValue><ssdm name="empty_4"/></StgValue>
</bind>
</comp>

<comp id="48" class="1001" name="const_48">
<pin_list>
<pin id="49" dir="1" index="0" bw="1" slack="2147483647"/>
</pin_list>
<bind>
<StgValue><ssdm name="empty_5"/></StgValue>
</bind>
</comp>

<comp id="50" class="1004" name="m2_read_read_fu_50">
<pin_list>
<pin id="51" dir="0" index="0" bw="32" slack="0"/>
<pin id="52" dir="0" index="1" bw="32" slack="0"/>
<pin id="53" dir="1" index="2" bw="32" slack="0"/>
</pin_list>
<bind>
<opcode="read(1150) " fcode="read"/>
<opset="m2_read/1 "/>
</bind>
</comp>

<comp id="56" class="1004" name="m1_read_read_fu_56">
<pin_list>
<pin id="57" dir="0" index="0" bw="32" slack="0"/>
<pin id="58" dir="0" index="1" bw="32" slack="0"/>
<pin id="59" dir="1" index="2" bw="32" slack="0"/>
</pin_list>
<bind>
<opcode="read(1150) " fcode="read"/>
<opset="m1_read/1 "/>
</bind>
</comp>

<comp id="62" class="1004" name="distance_read_read_fu_62">
<pin_list>
<pin id="63" dir="0" index="0" bw="32" slack="0"/>
<pin id="64" dir="0" index="1" bw="32" slack="0"/>
<pin id="65" dir="1" index="2" bw="32" slack="0"/>
</pin_list>
<bind>
<opcode="read(1150) " fcode="read"/>
<opset="distance_read/5 "/>
</bind>
</comp>

<comp id="68" class="1004" name="grp_fu_68">
<pin_list>
<pin id="69" dir="0" index="0" bw="32" slack="0"/>
<pin id="70" dir="0" index="1" bw="32" slack="0"/>
<pin id="71" dir="1" index="2" bw="32" slack="0"/>
</pin_list>
<bind>
<opcode="fmul(13) " fcode="fmul"/>
<opset="mul1/1 distSquare/5 "/>
</bind>
</comp>

<comp id="76" class="1004" name="grp_fu_76">
<pin_list>
<pin id="77" dir="0" index="0" bw="32" slack="1"/>
<pin id="78" dir="0" index="1" bw="32" slack="0"/>
<pin id="79" dir="1" index="2" bw="32" slack="1"/>
</pin_list>
<bind>
<opcode="fmul(13) " fcode="fmul"/>
<opset="mul2/5 "/>
</bind>
</comp>

<comp id="81" class="1004" name="grp_fu_81">
<pin_list>
<pin id="82" dir="0" index="0" bw="32" slack="1"/>
<pin id="83" dir="0" index="1" bw="32" slack="1"/>
<pin id="84" dir="1" index="2" bw="32" slack="2147483647"/>
</pin_list>
<bind>
<opcode="fdiv(16) " fcode="fdiv"/>
<opset="force/9 "/>
</bind>
</comp>

<comp id="85" class="1004" name="grp_fu_85">
<pin_list>
<pin id="86" dir="0" index="0" bw="32" slack="0"/>
<pin id="87" dir="0" index="1" bw="32" slack="0"/>
<pin id="88" dir="1" index="2" bw="1" slack="2"/>
</pin_list>
<bind>
<opcode="fcmp(46) " fcode="fcmp"/>
<opset="tmp_1/5 "/>
</bind>
</comp>

<comp id="91" class="1004" name="bitcast_ln5_fu_91">
<pin_list>
<pin id="92" dir="0" index="0" bw="32" slack="0"/>
<pin id="93" dir="1" index="1" bw="32" slack="0"/>
</pin_list>
<bind>
<opcode="bitcast(44) " fcode="bitcast"/>
<opset="bitcast_ln5/5 "/>
</bind>
</comp>

<comp id="95" class="1004" name="tmp_fu_95">
<pin_list>
<pin id="96" dir="0" index="0" bw="8" slack="0"/>
<pin id="97" dir="0" index="1" bw="32" slack="0"/>
<pin id="98" dir="0" index="2" bw="6" slack="0"/>
<pin id="99" dir="0" index="3" bw="6" slack="0"/>
<pin id="100" dir="1" index="4" bw="8" slack="0"/>
</pin_list>
<bind>
<opcode="partselect(1002) " fcode="partselect"/>
<opset="tmp/5 "/>
</bind>
</comp>

<comp id="105" class="1004" name="trunc_ln5_fu_105">
<pin_list>
<pin id="106" dir="0" index="0" bw="32" slack="0"/>
<pin id="107" dir="1" index="1" bw="23" slack="0"/>
</pin_list>
<bind>
<opcode="trunc(33) " fcode="trunc"/>
<opset="trunc_ln5/5 "/>
</bind>
</comp>

<comp id="109" class="1004" name="icmp_ln5_fu_109">
<pin_list>
<pin id="110" dir="0" index="0" bw="8" slack="0"/>
<pin id="111" dir="0" index="1" bw="8" slack="0"/>
<pin id="112" dir="1" index="2" bw="1" slack="3"/>
</pin_list>
<bind>
<opcode="icmp(45) " fcode="icmp"/>
<opset="icmp_ln5/5 "/>
</bind>
</comp>

<comp id="115" class="1004" name="icmp_ln5_1_fu_115">
<pin_list>
<pin id="116" dir="0" index="0" bw="23" slack="0"/>
<pin id="117" dir="0" index="1" bw="23" slack="0"/>
<pin id="118" dir="1" index="2" bw="1" slack="3"/>
</pin_list>
<bind>
<opcode="icmp(45) " fcode="icmp"/>
<opset="icmp_ln5_1/5 "/>
</bind>
</comp>

<comp id="121" class="1004" name="or_ln5_fu_121">
<pin_list>
<pin id="122" dir="0" index="0" bw="1" slack="3"/>
<pin id="123" dir="0" index="1" bw="1" slack="3"/>
<pin id="124" dir="1" index="2" bw="1" slack="0"/>
</pin_list>
<bind>
<opcode="or(24) " fcode="or"/>
<opset="or_ln5/8 "/>
</bind>
</comp>

<comp id="125" class="1004" name="and_ln5_fu_125">
<pin_list>
<pin id="126" dir="0" index="0" bw="1" slack="0"/>
<pin id="127" dir="0" index="1" bw="1" slack="2"/>
<pin id="128" dir="1" index="2" bw="1" slack="0"/>
</pin_list>
<bind>
<opcode="and(23) " fcode="and"/>
<opset="and_ln5/8 "/>
</bind>
</comp>

<comp id="130" class="1004" name="distSquare_1_fu_130">
<pin_list>
<pin id="131" dir="0" index="0" bw="1" slack="0"/>
<pin id="132" dir="0" index="1" bw="32" slack="0"/>
<pin id="133" dir="0" index="2" bw="32" slack="0"/>
<pin id="134" dir="1" index="3" bw="32" slack="1"/>
</pin_list>
<bind>
<opcode="select(49) " fcode="select"/>
<opset="distSquare_1/8 "/>
</bind>
</comp>

<comp id="138" class="1005" name="m2_read_reg_138">
<pin_list>
<pin id="139" dir="0" index="0" bw="32" slack="1"/>
<pin id="140" dir="1" index="1" bw="32" slack="1"/>
</pin_list>
<bind>
<opset="m2_read "/>
</bind>
</comp>

<comp id="143" class="1005" name="m1_read_reg_143">
<pin_list>
<pin id="144" dir="0" index="0" bw="32" slack="1"/>
<pin id="145" dir="1" index="1" bw="32" slack="1"/>
</pin_list>
<bind>
<opset="m1_read "/>
</bind>
</comp>

<comp id="148" class="1005" name="mul1_reg_148">
<pin_list>
<pin id="149" dir="0" index="0" bw="32" slack="1"/>
<pin id="150" dir="1" index="1" bw="32" slack="1"/>
</pin_list>
<bind>
<opset="mul1 "/>
</bind>
</comp>

<comp id="153" class="1005" name="distance_read_reg_153">
<pin_list>
<pin id="154" dir="0" index="0" bw="32" slack="1"/>
<pin id="155" dir="1" index="1" bw="32" slack="1"/>
</pin_list>
<bind>
<opset="distance_read "/>
</bind>
</comp>

<comp id="160" class="1005" name="icmp_ln5_reg_160">
<pin_list>
<pin id="161" dir="0" index="0" bw="1" slack="3"/>
<pin id="162" dir="1" index="1" bw="1" slack="3"/>
</pin_list>
<bind>
<opset="icmp_ln5 "/>
</bind>
</comp>

<comp id="165" class="1005" name="icmp_ln5_1_reg_165">
<pin_list>
<pin id="166" dir="0" index="0" bw="1" slack="3"/>
<pin id="167" dir="1" index="1" bw="1" slack="3"/>
</pin_list>
<bind>
<opset="icmp_ln5_1 "/>
</bind>
</comp>

<comp id="170" class="1005" name="tmp_1_reg_170">
<pin_list>
<pin id="171" dir="0" index="0" bw="1" slack="2"/>
<pin id="172" dir="1" index="1" bw="1" slack="2"/>
</pin_list>
<bind>
<opset="tmp_1 "/>
</bind>
</comp>

<comp id="175" class="1005" name="distSquare_1_reg_175">
<pin_list>
<pin id="176" dir="0" index="0" bw="32" slack="1"/>
<pin id="177" dir="1" index="1" bw="32" slack="1"/>
</pin_list>
<bind>
<opset="distSquare_1 "/>
</bind>
</comp>

<comp id="180" class="1005" name="mul2_reg_180">
<pin_list>
<pin id="181" dir="0" index="0" bw="32" slack="1"/>
<pin id="182" dir="1" index="1" bw="32" slack="1"/>
</pin_list>
<bind>
<opset="mul2 "/>
</bind>
</comp>

</comp_list>

<net_list>
<net id="54"><net_src comp="6" pin="0"/><net_sink comp="50" pin=0"/></net>

<net id="55"><net_src comp="2" pin="0"/><net_sink comp="50" pin=1"/></net>

<net id="60"><net_src comp="6" pin="0"/><net_sink comp="56" pin=0"/></net>

<net id="61"><net_src comp="0" pin="0"/><net_sink comp="56" pin=1"/></net>

<net id="66"><net_src comp="8" pin="0"/><net_sink comp="62" pin=0"/></net>

<net id="67"><net_src comp="4" pin="0"/><net_sink comp="62" pin=1"/></net>

<net id="72"><net_src comp="56" pin="2"/><net_sink comp="68" pin=0"/></net>

<net id="73"><net_src comp="50" pin="2"/><net_sink comp="68" pin=1"/></net>

<net id="74"><net_src comp="62" pin="2"/><net_sink comp="68" pin=0"/></net>

<net id="75"><net_src comp="62" pin="2"/><net_sink comp="68" pin=1"/></net>

<net id="80"><net_src comp="22" pin="0"/><net_sink comp="76" pin=1"/></net>

<net id="89"><net_src comp="62" pin="2"/><net_sink comp="85" pin=0"/></net>

<net id="90"><net_src comp="20" pin="0"/><net_sink comp="85" pin=1"/></net>

<net id="94"><net_src comp="62" pin="2"/><net_sink comp="91" pin=0"/></net>

<net id="101"><net_src comp="10" pin="0"/><net_sink comp="95" pin=0"/></net>

<net id="102"><net_src comp="91" pin="1"/><net_sink comp="95" pin=1"/></net>

<net id="103"><net_src comp="12" pin="0"/><net_sink comp="95" pin=2"/></net>

<net id="104"><net_src comp="14" pin="0"/><net_sink comp="95" pin=3"/></net>

<net id="108"><net_src comp="91" pin="1"/><net_sink comp="105" pin=0"/></net>

<net id="113"><net_src comp="95" pin="4"/><net_sink comp="109" pin=0"/></net>

<net id="114"><net_src comp="16" pin="0"/><net_sink comp="109" pin=1"/></net>

<net id="119"><net_src comp="105" pin="1"/><net_sink comp="115" pin=0"/></net>

<net id="120"><net_src comp="18" pin="0"/><net_sink comp="115" pin=1"/></net>

<net id="129"><net_src comp="121" pin="2"/><net_sink comp="125" pin=0"/></net>

<net id="135"><net_src comp="125" pin="2"/><net_sink comp="130" pin=0"/></net>

<net id="136"><net_src comp="24" pin="0"/><net_sink comp="130" pin=1"/></net>

<net id="137"><net_src comp="68" pin="2"/><net_sink comp="130" pin=2"/></net>

<net id="141"><net_src comp="50" pin="2"/><net_sink comp="138" pin=0"/></net>

<net id="142"><net_src comp="138" pin="1"/><net_sink comp="68" pin=1"/></net>

<net id="146"><net_src comp="56" pin="2"/><net_sink comp="143" pin=0"/></net>

<net id="147"><net_src comp="143" pin="1"/><net_sink comp="68" pin=0"/></net>

<net id="151"><net_src comp="68" pin="2"/><net_sink comp="148" pin=0"/></net>

<net id="152"><net_src comp="148" pin="1"/><net_sink comp="76" pin=0"/></net>

<net id="156"><net_src comp="62" pin="2"/><net_sink comp="153" pin=0"/></net>

<net id="157"><net_src comp="153" pin="1"/><net_sink comp="85" pin=0"/></net>

<net id="158"><net_src comp="153" pin="1"/><net_sink comp="68" pin=0"/></net>

<net id="159"><net_src comp="153" pin="1"/><net_sink comp="68" pin=1"/></net>

<net id="163"><net_src comp="109" pin="2"/><net_sink comp="160" pin=0"/></net>

<net id="164"><net_src comp="160" pin="1"/><net_sink comp="121" pin=1"/></net>

<net id="168"><net_src comp="115" pin="2"/><net_sink comp="165" pin=0"/></net>

<net id="169"><net_src comp="165" pin="1"/><net_sink comp="121" pin=0"/></net>

<net id="173"><net_src comp="85" pin="2"/><net_sink comp="170" pin=0"/></net>

<net id="174"><net_src comp="170" pin="1"/><net_sink comp="125" pin=1"/></net>

<net id="178"><net_src comp="130" pin="3"/><net_sink comp="175" pin=0"/></net>

<net id="179"><net_src comp="175" pin="1"/><net_sink comp="81" pin=1"/></net>

<net id="183"><net_src comp="76" pin="2"/><net_sink comp="180" pin=0"/></net>

<net id="184"><net_src comp="180" pin="1"/><net_sink comp="81" pin=0"/></net>

</net_list>

</model> 
---------------- Datapath Model END ------------------

* FSMD analyzer results:
  - Output states:
 - Input state : 
	Port: gravity : m1 | {1 }
	Port: gravity : m2 | {1 }
	Port: gravity : distance | {5 }
  - Chain level:
	State 1
	State 2
	State 3
	State 4
	State 5
		tmp : 1
		trunc_ln5 : 1
		icmp_ln5 : 2
		icmp_ln5_1 : 2
	State 6
	State 7
	State 8
	State 9
	State 10
	State 11
	State 12
	State 13
	State 14
	State 15
	State 16
	State 17
	State 18
	State 19
	State 20
	State 21
	State 22
	State 23
	State 24
		ret_ln11 : 1


============================================================
+ Verbose Summary: Datapath Resource usage 
============================================================

* Functional unit list:
|----------|--------------------------|---------|---------|---------|
| Operation|      Functional Unit     |   DSP   |    FF   |   LUT   |
|----------|--------------------------|---------|---------|---------|
|   fmul   |         grp_fu_68        |    3    |   143   |   321   |
|          |         grp_fu_76        |    3    |   143   |   321   |
|----------|--------------------------|---------|---------|---------|
|  select  |    distSquare_1_fu_130   |    0    |    0    |    32   |
|----------|--------------------------|---------|---------|---------|
|   icmp   |      icmp_ln5_fu_109     |    0    |    0    |    11   |
|          |     icmp_ln5_1_fu_115    |    0    |    0    |    15   |
|----------|--------------------------|---------|---------|---------|
|    or    |       or_ln5_fu_121      |    0    |    0    |    2    |
|----------|--------------------------|---------|---------|---------|
|    and   |      and_ln5_fu_125      |    0    |    0    |    2    |
|----------|--------------------------|---------|---------|---------|
|          |    m2_read_read_fu_50    |    0    |    0    |    0    |
|   read   |    m1_read_read_fu_56    |    0    |    0    |    0    |
|          | distance_read_read_fu_62 |    0    |    0    |    0    |
|----------|--------------------------|---------|---------|---------|
|   fdiv   |         grp_fu_81        |    0    |    0    |    0    |
|----------|--------------------------|---------|---------|---------|
|   fcmp   |         grp_fu_85        |    0    |    0    |    0    |
|----------|--------------------------|---------|---------|---------|
|partselect|         tmp_fu_95        |    0    |    0    |    0    |
|----------|--------------------------|---------|---------|---------|
|   trunc  |     trunc_ln5_fu_105     |    0    |    0    |    0    |
|----------|--------------------------|---------|---------|---------|
|   Total  |                          |    6    |   286   |   704   |
|----------|--------------------------|---------|---------|---------|

Memories:
N/A

* Register list:
+---------------------+--------+
|                     |   FF   |
+---------------------+--------+
| distSquare_1_reg_175|   32   |
|distance_read_reg_153|   32   |
|  icmp_ln5_1_reg_165 |    1   |
|   icmp_ln5_reg_160  |    1   |
|   m1_read_reg_143   |   32   |
|   m2_read_reg_138   |   32   |
|     mul1_reg_148    |   32   |
|     mul2_reg_180    |   32   |
|    tmp_1_reg_170    |    1   |
+---------------------+--------+
|        Total        |   195  |
+---------------------+--------+

* Multiplexer (MUX) list: 
|-----------|------|------|------|--------||---------||---------|
|    Comp   |  Pin | Size |  BW  | S x BW ||  Delay  ||   LUT   |
|-----------|------|------|------|--------||---------||---------|
| grp_fu_68 |  p0  |   4  |  32  |   128  ||    20   |
| grp_fu_68 |  p1  |   4  |  32  |   128  ||    20   |
| grp_fu_85 |  p0  |   2  |  32  |   64   ||    9    |
|-----------|------|------|------|--------||---------||---------|
|   Total   |      |      |      |   320  ||  5.2412 ||    49   |
|-----------|------|------|------|--------||---------||---------|



* Summary:
+-----------+--------+--------+--------+--------+
|           |   DSP  |  Delay |   FF   |   LUT  |
+-----------+--------+--------+--------+--------+
|  Function |    6   |    -   |   286  |   704  |
|   Memory  |    -   |    -   |    -   |    -   |
|Multiplexer|    -   |    5   |    -   |   49   |
|  Register |    -   |    -   |   195  |    -   |
+-----------+--------+--------+--------+--------+
|   Total   |    6   |    5   |   481  |   753  |
+-----------+--------+--------+--------+--------+
